<?xml version="1.0" encoding="UTF-8"?>
<coverage generated="1778203516167" clover="3.2.0">
  <project timestamp="1778203516167" name="All files">
    <metrics statements="200" coveredstatements="193" conditionals="179" coveredconditionals="160" methods="66" coveredmethods="58" elements="445" coveredelements="411" complexity="0" loc="200" ncloc="200" packages="3" files="13" classes="13"/>
    <package name="src">
      <metrics statements="11" coveredstatements="11" conditionals="13" coveredconditionals="11" methods="1" coveredmethods="1"/>
      <file name="noteRoute.js" path="/Users/xu/work/tech-wiki/frontend/src/noteRoute.js">
        <metrics statements="11" coveredstatements="11" conditionals="13" coveredconditionals="11" methods="1" coveredmethods="1"/>
        <line num="2" count="4" type="cond" truecount="1" falsecount="1"/>
        <line num="3" count="4" type="cond" truecount="2" falsecount="0"/>
        <line num="4" count="4" type="stmt"/>
        <line num="6" count="4" type="cond" truecount="2" falsecount="0"/>
        <line num="7" count="1" type="stmt"/>
        <line num="10" count="3" type="stmt"/>
        <line num="11" count="3" type="cond" truecount="4" falsecount="0"/>
        <line num="12" count="1" type="stmt"/>
        <line num="15" count="2" type="stmt"/>
        <line num="16" count="2" type="stmt"/>
        <line num="18" count="2" type="stmt"/>
      </file>
    </package>
    <package name="src.api">
      <metrics statements="25" coveredstatements="25" conditionals="14" coveredconditionals="14" methods="14" coveredmethods="14"/>
      <file name="client.js" path="/Users/xu/work/tech-wiki/frontend/src/api/client.js">
        <metrics statements="17" coveredstatements="17" conditionals="12" coveredconditionals="12" methods="6" coveredmethods="6"/>
        <line num="1" count="1" type="stmt"/>
        <line num="4" count="16" type="stmt"/>
        <line num="5" count="16" type="stmt"/>
        <line num="9" count="16" type="stmt"/>
        <line num="10" count="15" type="cond" truecount="2" falsecount="0"/>
        <line num="12" count="5" type="stmt"/>
        <line num="13" count="5" type="cond" truecount="3" falsecount="0"/>
        <line num="14" count="5" type="cond" truecount="2" falsecount="0"/>
        <line num="16" count="10" type="cond" truecount="2" falsecount="0"/>
        <line num="17" count="8" type="stmt"/>
        <line num="20" count="1" type="stmt"/>
        <line num="22" count="11" type="cond" truecount="2" falsecount="0"/>
        <line num="23" count="11" type="stmt"/>
        <line num="25" count="1" type="stmt"/>
        <line num="26" count="1" type="stmt"/>
        <line num="27" count="1" type="stmt"/>
        <line num="28" count="2" type="stmt"/>
      </file>
      <file name="notes.js" path="/Users/xu/work/tech-wiki/frontend/src/api/notes.js">
        <metrics statements="8" coveredstatements="8" conditionals="2" coveredconditionals="2" methods="8" coveredmethods="8"/>
        <line num="3" count="1" type="stmt"/>
        <line num="4" count="1" type="stmt"/>
        <line num="5" count="1" type="stmt"/>
        <line num="6" count="1" type="stmt"/>
        <line num="7" count="1" type="stmt"/>
        <line num="8" count="1" type="stmt"/>
        <line num="10" count="1" type="stmt"/>
        <line num="13" count="5" type="stmt"/>
      </file>
    </package>
    <package name="src.components">
      <metrics statements="164" coveredstatements="157" conditionals="152" coveredconditionals="135" methods="51" coveredmethods="43"/>
      <file name="CategoryTree.css" path="/Users/xu/work/tech-wiki/frontend/src/components/CategoryTree.css">
        <metrics statements="0" coveredstatements="0" conditionals="0" coveredconditionals="0" methods="0" coveredmethods="0"/>
      </file>
      <file name="CategoryTree.jsx" path="/Users/xu/work/tech-wiki/frontend/src/components/CategoryTree.jsx">
        <metrics statements="11" coveredstatements="11" conditionals="22" coveredconditionals="20" methods="5" coveredmethods="5"/>
        <line num="5" count="11" type="stmt"/>
        <line num="6" count="11" type="cond" truecount="2" falsecount="0"/>
        <line num="7" count="11" type="stmt"/>
        <line num="9" count="11" type="stmt"/>
        <line num="15" count="1" type="cond" truecount="1" falsecount="1"/>
        <line num="16" count="1" type="stmt"/>
        <line num="41" count="6" type="stmt"/>
        <line num="56" count="7" type="cond" truecount="4" falsecount="0"/>
        <line num="57" count="2" type="stmt"/>
        <line num="68" count="5" type="stmt"/>
        <line num="73" count="5" type="stmt"/>
      </file>
      <file name="HealthIndicator.css" path="/Users/xu/work/tech-wiki/frontend/src/components/HealthIndicator.css">
        <metrics statements="0" coveredstatements="0" conditionals="0" coveredconditionals="0" methods="0" coveredmethods="0"/>
      </file>
      <file name="HealthIndicator.jsx" path="/Users/xu/work/tech-wiki/frontend/src/components/HealthIndicator.jsx">
        <metrics statements="68" coveredstatements="68" conditionals="42" coveredconditionals="37" methods="9" coveredmethods="9"/>
        <line num="5" count="1" type="stmt"/>
        <line num="6" count="1" type="stmt"/>
        <line num="17" count="47" type="stmt"/>
        <line num="18" count="47" type="stmt"/>
        <line num="19" count="47" type="stmt"/>
        <line num="20" count="47" type="stmt"/>
        <line num="21" count="47" type="stmt"/>
        <line num="22" count="47" type="stmt"/>
        <line num="25" count="47" type="stmt"/>
        <line num="26" count="19" type="stmt"/>
        <line num="27" count="19" type="stmt"/>
        <line num="28" count="10" type="cond" truecount="1" falsecount="1"/>
        <line num="30" count="10" type="cond" truecount="4" falsecount="0"/>
        <line num="31" count="2" type="stmt"/>
        <line num="33" count="8" type="stmt"/>
        <line num="35" count="10" type="stmt"/>
        <line num="37" count="8" type="cond" truecount="1" falsecount="1"/>
        <line num="38" count="8" type="stmt"/>
        <line num="39" count="8" type="stmt"/>
        <line num="40" count="8" type="cond" truecount="2" falsecount="0"/>
        <line num="41" count="2" type="stmt"/>
        <line num="43" count="8" type="stmt"/>
        <line num="48" count="47" type="stmt"/>
        <line num="49" count="13" type="stmt"/>
        <line num="50" count="13" type="stmt"/>
        <line num="51" count="13" type="stmt"/>
        <line num="52" count="13" type="stmt"/>
        <line num="53" count="13" type="stmt"/>
        <line num="54" count="13" type="stmt"/>
        <line num="59" count="47" type="stmt"/>
        <line num="60" count="6" type="stmt"/>
        <line num="61" count="6" type="stmt"/>
        <line num="62" count="6" type="stmt"/>
        <line num="63" count="6" type="stmt"/>
        <line num="64" count="5" type="cond" truecount="1" falsecount="1"/>
        <line num="65" count="5" type="stmt"/>
        <line num="68" count="1" type="cond" truecount="1" falsecount="1"/>
        <line num="69" count="1" type="stmt"/>
        <line num="72" count="6" type="cond" truecount="1" falsecount="1"/>
        <line num="73" count="6" type="stmt"/>
        <line num="78" count="47" type="stmt"/>
        <line num="79" count="2" type="stmt"/>
        <line num="80" count="2" type="stmt"/>
        <line num="85" count="47" type="cond" truecount="2" falsecount="0"/>
        <line num="86" count="21" type="stmt"/>
        <line num="87" count="21" type="stmt"/>
        <line num="88" count="26" type="cond" truecount="2" falsecount="0"/>
        <line num="89" count="22" type="stmt"/>
        <line num="90" count="22" type="stmt"/>
        <line num="92" count="4" type="stmt"/>
        <line num="93" count="4" type="stmt"/>
        <line num="97" count="47" type="stmt"/>
        <line num="98" count="47" type="cond" truecount="2" falsecount="0"/>
        <line num="99" count="3" type="stmt"/>
        <line num="100" count="3" type="cond" truecount="2" falsecount="0"/>
        <line num="101" count="2" type="cond" truecount="4" falsecount="0"/>
        <line num="103" count="3" type="cond" truecount="2" falsecount="0"/>
        <line num="104" count="2" type="stmt"/>
        <line num="105" count="2" type="stmt"/>
        <line num="106" count="2" type="stmt"/>
        <line num="107" count="2" type="stmt"/>
        <line num="109" count="3" type="cond" truecount="2" falsecount="0"/>
        <line num="110" count="2" type="stmt"/>
        <line num="112" count="3" type="cond" truecount="2" falsecount="0"/>
        <line num="113" count="1" type="stmt"/>
        <line num="117" count="47" type="stmt"/>
        <line num="134" count="1" type="stmt"/>
        <line num="150" count="7" type="stmt"/>
      </file>
      <file name="MarkdownRenderer.css" path="/Users/xu/work/tech-wiki/frontend/src/components/MarkdownRenderer.css">
        <metrics statements="0" coveredstatements="0" conditionals="0" coveredconditionals="0" methods="0" coveredmethods="0"/>
      </file>
      <file name="MarkdownRenderer.jsx" path="/Users/xu/work/tech-wiki/frontend/src/components/MarkdownRenderer.jsx">
        <metrics statements="12" coveredstatements="12" conditionals="13" coveredconditionals="13" methods="5" coveredmethods="5"/>
        <line num="8" count="1" type="stmt"/>
        <line num="11" count="21" type="stmt"/>
        <line num="12" count="21" type="stmt"/>
        <line num="13" count="4" type="stmt"/>
        <line num="17" count="21" type="stmt"/>
        <line num="23" count="5" type="cond" truecount="2" falsecount="0"/>
        <line num="24" count="5" type="stmt"/>
        <line num="26" count="5" type="cond" truecount="6" falsecount="0"/>
        <line num="27" count="1" type="stmt"/>
        <line num="34" count="4" type="cond" truecount="4" falsecount="0"/>
        <line num="35" count="2" type="stmt"/>
        <line num="44" count="2" type="stmt"/>
      </file>
      <file name="NoteCard.css" path="/Users/xu/work/tech-wiki/frontend/src/components/NoteCard.css">
        <metrics statements="0" coveredstatements="0" conditionals="0" coveredconditionals="0" methods="0" coveredmethods="0"/>
      </file>
      <file name="NoteCard.jsx" path="/Users/xu/work/tech-wiki/frontend/src/components/NoteCard.jsx">
        <metrics statements="19" coveredstatements="18" conditionals="33" coveredconditionals="32" methods="5" coveredmethods="4"/>
        <line num="3" count="2" type="stmt"/>
        <line num="13" count="96" type="cond" truecount="1" falsecount="1"/>
        <line num="14" count="93" type="cond" truecount="2" falsecount="0"/>
        <line num="16" count="4" type="stmt"/>
        <line num="17" count="52" type="cond" truecount="2" falsecount="0"/>
        <line num="19" count="2" type="stmt"/>
        <line num="23" count="96" type="stmt"/>
        <line num="43" count="96" type="cond" truecount="2" falsecount="0"/>
        <line num="44" count="96" type="stmt"/>
        <line num="45" count="96" type="stmt"/>
        <line num="46" count="96" type="cond" truecount="2" falsecount="0"/>
        <line num="52" count="96" type="stmt"/>
        <line num="53" count="3" type="stmt"/>
        <line num="54" count="3" type="stmt"/>
        <line num="55" count="3" type="cond" truecount="2" falsecount="0"/>
        <line num="58" count="96" type="cond" truecount="2" falsecount="0"/>
        <line num="59" count="6" type="stmt"/>
        <line num="68" count="90" type="stmt"/>
        <line num="71" count="0" type="stmt"/>
      </file>
      <file name="NoteList.css" path="/Users/xu/work/tech-wiki/frontend/src/components/NoteList.css">
        <metrics statements="0" coveredstatements="0" conditionals="0" coveredconditionals="0" methods="0" coveredmethods="0"/>
      </file>
      <file name="NoteList.jsx" path="/Users/xu/work/tech-wiki/frontend/src/components/NoteList.jsx">
        <metrics statements="54" coveredstatements="48" conditionals="42" coveredconditionals="33" methods="27" coveredmethods="20"/>
        <line num="6" count="1" type="stmt"/>
        <line num="8" count="1" type="stmt"/>
        <line num="9" count="33" type="stmt"/>
        <line num="10" count="0" type="stmt"/>
        <line num="11" count="1" type="stmt"/>
        <line num="15" count="25" type="stmt"/>
        <line num="16" count="25" type="stmt"/>
        <line num="17" count="25" type="stmt"/>
        <line num="18" count="25" type="stmt"/>
        <line num="19" count="25" type="cond" truecount="2" falsecount="0"/>
        <line num="21" count="27" type="cond" truecount="1" falsecount="1"/>
        <line num="23" count="25" type="stmt"/>
        <line num="24" count="20" type="stmt"/>
        <line num="25" count="20" type="stmt"/>
        <line num="26" count="20" type="stmt"/>
        <line num="29" count="71" type="stmt"/>
        <line num="30" count="71" type="stmt"/>
        <line num="32" count="25" type="stmt"/>
        <line num="33" count="25" type="stmt"/>
        <line num="34" count="25" type="stmt"/>
        <line num="35" count="70" type="cond" truecount="2" falsecount="0"/>
        <line num="36" count="70" type="stmt"/>
        <line num="37" count="87" type="cond" truecount="2" falsecount="0"/>
        <line num="38" count="87" type="stmt"/>
        <line num="41" count="25" type="stmt"/>
        <line num="44" count="25" type="stmt"/>
        <line num="45" count="1" type="cond" truecount="1" falsecount="1"/>
        <line num="46" count="1" type="stmt"/>
        <line num="47" count="0" type="cond" truecount="0" falsecount="2"/>
        <line num="50" count="1" type="stmt"/>
        <line num="51" count="1" type="stmt"/>
        <line num="53" count="0" type="cond" truecount="0" falsecount="2"/>
        <line num="54" count="0" type="stmt"/>
        <line num="55" count="0" type="cond" truecount="0" falsecount="2"/>
        <line num="61" count="25" type="cond" truecount="2" falsecount="0"/>
        <line num="62" count="1" type="stmt"/>
        <line num="75" count="24" type="cond" truecount="2" falsecount="0"/>
        <line num="76" count="2" type="stmt"/>
        <line num="83" count="22" type="stmt"/>
        <line num="90" count="1" type="stmt"/>
        <line num="102" count="1" type="stmt"/>
        <line num="116" count="63" type="stmt"/>
        <line num="120" count="2" type="stmt"/>
        <line num="134" count="1" type="stmt"/>
        <line num="137" count="66" type="stmt"/>
        <line num="153" count="1" type="stmt"/>
        <line num="165" count="56" type="stmt"/>
        <line num="166" count="56" type="cond" truecount="2" falsecount="0"/>
        <line num="167" count="56" type="stmt"/>
        <line num="168" count="56" type="stmt"/>
        <line num="170" count="56" type="stmt"/>
        <line num="182" count="75" type="stmt"/>
        <line num="196" count="0" type="stmt"/>
        <line num="205" count="1" type="stmt"/>
      </file>
    </package>
  </project>
</coverage>
