{"/Users/xu/work/tech-wiki/frontend/src/noteRoute.js": {"path":"/Users/xu/work/tech-wiki/frontend/src/noteRoute.js","statementMap":{"0":{"start":{"line":2,"column":20},"end":{"line":2,"column":48}},"1":{"start":{"line":3,"column":19},"end":{"line":3,"column":65}},"2":{"start":{"line":4,"column":17},"end":{"line":4,"column":43}},"3":{"start":{"line":6,"column":4},"end":{"line":8,"column":null}},"4":{"start":{"line":7,"column":8},"end":{"line":7,"column":null}},"5":{"start":{"line":10,"column":23},"end":{"line":10,"column":41}},"6":{"start":{"line":11,"column":4},"end":{"line":13,"column":null}},"7":{"start":{"line":12,"column":8},"end":{"line":12,"column":null}},"8":{"start":{"line":15,"column":19},"end":{"line":15,"column":49}},"9":{"start":{"line":16,"column":23},"end":{"line":16,"column":63}},"10":{"start":{"line":18,"column":4},"end":{"line":22,"column":null}}},"fnMap":{"0":{"name":"resolveNoteRoute","decl":{"start":{"line":1,"column":16},"end":{"line":1,"column":32}},"loc":{"start":{"line":1,"column":65},"end":{"line":23,"column":null}},"line":1}},"branchMap":{"0":{"loc":{"start":{"line":1,"column":33},"end":{"line":1,"column":63}},"type":"default-arg","locations":[{"start":{"line":1,"column":48},"end":{"line":1,"column":63}}],"line":1},"1":{"loc":{"start":{"line":2,"column":20},"end":{"line":2,"column":48}},"type":"binary-expr","locations":[{"start":{"line":2,"column":20},"end":{"line":2,"column":41}},{"start":{"line":2,"column":45},"end":{"line":2,"column":48}}],"line":2},"2":{"loc":{"start":{"line":3,"column":39},"end":{"line":3,"column":64}},"type":"binary-expr","locations":[{"start":{"line":3,"column":39},"end":{"line":3,"column":58}},{"start":{"line":3,"column":62},"end":{"line":3,"column":64}}],"line":3},"3":{"loc":{"start":{"line":6,"column":4},"end":{"line":8,"column":null}},"type":"if","locations":[{"start":{"line":6,"column":4},"end":{"line":8,"column":null}},{"start":{},"end":{}}],"line":6},"4":{"loc":{"start":{"line":11,"column":4},"end":{"line":13,"column":null}},"type":"if","locations":[{"start":{"line":11,"column":4},"end":{"line":13,"column":null}},{"start":{},"end":{}}],"line":11},"5":{"loc":{"start":{"line":11,"column":8},"end":{"line":11,"column":43}},"type":"binary-expr","locations":[{"start":{"line":11,"column":8},"end":{"line":11,"column":29}},{"start":{"line":11,"column":33},"end":{"line":11,"column":43}}],"line":11},"6":{"loc":{"start":{"line":21,"column":14},"end":{"line":21,"column":47}},"type":"cond-expr","locations":[{"start":{"line":21,"column":27},"end":{"line":21,"column":40}},{"start":{"line":21,"column":43},"end":{"line":21,"column":47}}],"line":21}},"s":{"0":4,"1":4,"2":4,"3":4,"4":1,"5":3,"6":3,"7":1,"8":2,"9":2,"10":2},"f":{"0":4},"b":{"0":[4],"1":[4,0],"2":[4,3],"3":[1,3],"4":[1,2],"5":[3,1],"6":[2,0]},"meta":{"lastBranch":7,"lastFunction":1,"lastStatement":11,"seen":{"f:1:16:1:32":0,"b:1:48:1:63":0,"s:2:20:2:48":0,"b:2:20:2:41:2:45:2:48":1,"s:3:19:3:65":1,"b:3:39:3:58:3:62:3:64":2,"s:4:17:4:43":2,"b:6:4:8:Infinity:undefined:undefined:undefined:undefined":3,"s:6:4:8:Infinity":3,"s:7:8:7:Infinity":4,"s:10:23:10:41":5,"b:11:4:13:Infinity:undefined:undefined:undefined:undefined":4,"s:11:4:13:Infinity":6,"b:11:8:11:29:11:33:11:43":5,"s:12:8:12:Infinity":7,"s:15:19:15:49":8,"s:16:23:16:63":9,"s:18:4:22:Infinity":10,"b:21:27:21:40:21:43:21:47":6}}}
,"/Users/xu/work/tech-wiki/frontend/src/api/client.js": {"path":"/Users/xu/work/tech-wiki/frontend/src/api/client.js","statementMap":{"0":{"start":{"line":1,"column":17},"end":{"line":1,"column":26}},"1":{"start":{"line":4,"column":14},"end":{"line":4,"column":38}},"2":{"start":{"line":5,"column":17},"end":{"line":8,"column":3}},"3":{"start":{"line":9,"column":14},"end":{"line":9,"column":38}},"4":{"start":{"line":10,"column":2},"end":{"line":15,"column":null}},"5":{"start":{"line":12,"column":4},"end":{"line":12,"column":null}},"6":{"start":{"line":12,"column":10},"end":{"line":12,"column":34}},"7":{"start":{"line":12,"column":49},"end":{"line":12,"column":61}},"8":{"start":{"line":13,"column":16},"end":{"line":13,"column":70}},"9":{"start":{"line":14,"column":4},"end":{"line":14,"column":null}},"10":{"start":{"line":16,"column":2},"end":{"line":16,"column":null}},"11":{"start":{"line":16,"column":26},"end":{"line":16,"column":null}},"12":{"start":{"line":17,"column":2},"end":{"line":17,"column":null}},"13":{"start":{"line":20,"column":19},"end":{"line":29,"column":1}},"14":{"start":{"line":22,"column":18},"end":{"line":22,"column":76}},"15":{"start":{"line":23,"column":4},"end":{"line":23,"column":null}},"16":{"start":{"line":25,"column":23},"end":{"line":25,"column":83}},"17":{"start":{"line":26,"column":22},"end":{"line":26,"column":81}},"18":{"start":{"line":27,"column":24},"end":{"line":27,"column":85}},"19":{"start":{"line":28,"column":19},"end":{"line":28,"column":53}}},"fnMap":{"0":{"name":"request","decl":{"start":{"line":3,"column":15},"end":{"line":3,"column":22}},"loc":{"start":{"line":3,"column":47},"end":{"line":18,"column":null}},"line":3},"1":{"name":"(anonymous_1)","decl":{"start":{"line":21,"column":7},"end":{"line":21,"column":8}},"loc":{"start":{"line":21,"column":24},"end":{"line":24,"column":3}},"line":21},"2":{"name":"(anonymous_2)","decl":{"start":{"line":25,"column":8},"end":{"line":25,"column":9}},"loc":{"start":{"line":25,"column":23},"end":{"line":25,"column":83}},"line":25},"3":{"name":"(anonymous_3)","decl":{"start":{"line":26,"column":7},"end":{"line":26,"column":8}},"loc":{"start":{"line":26,"column":22},"end":{"line":26,"column":81}},"line":26},"4":{"name":"(anonymous_4)","decl":{"start":{"line":27,"column":9},"end":{"line":27,"column":10}},"loc":{"start":{"line":27,"column":24},"end":{"line":27,"column":85}},"line":27},"5":{"name":"(anonymous_5)","decl":{"start":{"line":28,"column":10},"end":{"line":28,"column":11}},"loc":{"start":{"line":28,"column":19},"end":{"line":28,"column":53}},"line":28}},"branchMap":{"0":{"loc":{"start":{"line":3,"column":33},"end":{"line":3,"column":45}},"type":"default-arg","locations":[{"start":{"line":3,"column":43},"end":{"line":3,"column":45}}],"line":3},"1":{"loc":{"start":{"line":10,"column":2},"end":{"line":15,"column":null}},"type":"if","locations":[{"start":{"line":10,"column":2},"end":{"line":15,"column":null}},{"start":{},"end":{}}],"line":10},"2":{"loc":{"start":{"line":13,"column":16},"end":{"line":13,"column":70}},"type":"binary-expr","locations":[{"start":{"line":13,"column":16},"end":{"line":13,"column":36}},{"start":{"line":13,"column":40},"end":{"line":13,"column":52}},{"start":{"line":13,"column":56},"end":{"line":13,"column":70}}],"line":13},"3":{"loc":{"start":{"line":14,"column":20},"end":{"line":14,"column":47}},"type":"binary-expr","locations":[{"start":{"line":14,"column":20},"end":{"line":14,"column":23}},{"start":{"line":14,"column":27},"end":{"line":14,"column":47}}],"line":14},"4":{"loc":{"start":{"line":16,"column":2},"end":{"line":16,"column":null}},"type":"if","locations":[{"start":{"line":16,"column":2},"end":{"line":16,"column":null}},{"start":{},"end":{}}],"line":16},"5":{"loc":{"start":{"line":22,"column":18},"end":{"line":22,"column":76}},"type":"cond-expr","locations":[{"start":{"line":22,"column":27},"end":{"line":22,"column":71}},{"start":{"line":22,"column":74},"end":{"line":22,"column":76}}],"line":22}},"s":{"0":1,"1":16,"2":16,"3":16,"4":15,"5":5,"6":5,"7":1,"8":5,"9":5,"10":10,"11":2,"12":8,"13":1,"14":11,"15":11,"16":1,"17":1,"18":1,"19":2},"f":{"0":16,"1":11,"2":1,"3":1,"4":1,"5":2},"b":{"0":[16],"1":[5,10],"2":[5,3,2],"3":[5,1],"4":[2,8],"5":[2,9]},"meta":{"lastBranch":6,"lastFunction":6,"lastStatement":20,"seen":{"s:1:17:1:26":0,"f:3:15:3:22":0,"b:3:43:3:45":0,"s:4:14:4:38":1,"s:5:17:8:3":2,"s:9:14:9:38":3,"b:10:2:15:Infinity:undefined:undefined:undefined:undefined":1,"s:10:2:15:Infinity":4,"s:12:4:12:Infinity":5,"s:12:10:12:34":6,"s:12:49:12:61":7,"s:13:16:13:70":8,"b:13:16:13:36:13:40:13:52:13:56:13:70":2,"s:14:4:14:Infinity":9,"b:14:20:14:23:14:27:14:47":3,"b:16:2:16:Infinity:undefined:undefined:undefined:undefined":4,"s:16:2:16:Infinity":10,"s:16:26:16:Infinity":11,"s:17:2:17:Infinity":12,"s:20:19:29:1":13,"f:21:7:21:8":1,"s:22:18:22:76":14,"b:22:27:22:71:22:74:22:76":5,"s:23:4:23:Infinity":15,"f:25:8:25:9":2,"s:25:23:25:83":16,"f:26:7:26:8":3,"s:26:22:26:81":17,"f:27:9:27:10":4,"s:27:24:27:85":18,"f:28:10:28:11":5,"s:28:19:28:53":19}}}
,"/Users/xu/work/tech-wiki/frontend/src/api/notes.js": {"path":"/Users/xu/work/tech-wiki/frontend/src/api/notes.js","statementMap":{"0":{"start":{"line":3,"column":26},"end":{"line":3,"column":64}},"1":{"start":{"line":3,"column":38},"end":{"line":3,"column":64}},"2":{"start":{"line":4,"column":25},"end":{"line":4,"column":61}},"3":{"start":{"line":4,"column":35},"end":{"line":4,"column":61}},"4":{"start":{"line":5,"column":25},"end":{"line":5,"column":62}},"5":{"start":{"line":5,"column":37},"end":{"line":5,"column":62}},"6":{"start":{"line":6,"column":26},"end":{"line":6,"column":67}},"7":{"start":{"line":6,"column":39},"end":{"line":6,"column":67}},"8":{"start":{"line":7,"column":26},"end":{"line":7,"column":82}},"9":{"start":{"line":7,"column":45},"end":{"line":7,"column":82}},"10":{"start":{"line":8,"column":26},"end":{"line":8,"column":65}},"11":{"start":{"line":8,"column":36},"end":{"line":8,"column":65}},"12":{"start":{"line":10,"column":30},"end":{"line":10,"column":83}},"13":{"start":{"line":10,"column":40},"end":{"line":10,"column":83}},"14":{"start":{"line":13,"column":4},"end":{"line":23,"column":null}}},"fnMap":{"0":{"name":"(anonymous_0)","decl":{"start":{"line":3,"column":26},"end":{"line":3,"column":27}},"loc":{"start":{"line":3,"column":38},"end":{"line":3,"column":64}},"line":3},"1":{"name":"(anonymous_1)","decl":{"start":{"line":4,"column":25},"end":{"line":4,"column":26}},"loc":{"start":{"line":4,"column":35},"end":{"line":4,"column":61}},"line":4},"2":{"name":"(anonymous_2)","decl":{"start":{"line":5,"column":25},"end":{"line":5,"column":26}},"loc":{"start":{"line":5,"column":37},"end":{"line":5,"column":62}},"line":5},"3":{"name":"(anonymous_3)","decl":{"start":{"line":6,"column":26},"end":{"line":6,"column":27}},"loc":{"start":{"line":6,"column":39},"end":{"line":6,"column":67}},"line":6},"4":{"name":"(anonymous_4)","decl":{"start":{"line":7,"column":26},"end":{"line":7,"column":27}},"loc":{"start":{"line":7,"column":45},"end":{"line":7,"column":82}},"line":7},"5":{"name":"(anonymous_5)","decl":{"start":{"line":8,"column":26},"end":{"line":8,"column":27}},"loc":{"start":{"line":8,"column":36},"end":{"line":8,"column":65}},"line":8},"6":{"name":"(anonymous_6)","decl":{"start":{"line":10,"column":30},"end":{"line":10,"column":31}},"loc":{"start":{"line":10,"column":40},"end":{"line":10,"column":83}},"line":10},"7":{"name":"fallbackNote","decl":{"start":{"line":12,"column":16},"end":{"line":12,"column":28}},"loc":{"start":{"line":12,"column":35},"end":{"line":24,"column":null}},"line":12}},"branchMap":{"0":{"loc":{"start":{"line":14,"column":15},"end":{"line":14,"column":33}},"type":"binary-expr","locations":[{"start":{"line":14,"column":15},"end":{"line":14,"column":19}},{"start":{"line":14,"column":23},"end":{"line":14,"column":33}}],"line":14}},"s":{"0":1,"1":1,"2":1,"3":1,"4":1,"5":1,"6":1,"7":1,"8":1,"9":1,"10":1,"11":1,"12":1,"13":1,"14":5},"f":{"0":1,"1":1,"2":1,"3":1,"4":1,"5":1,"6":1,"7":5},"b":{"0":[5,3]},"meta":{"lastBranch":1,"lastFunction":8,"lastStatement":15,"seen":{"s:3:26:3:64":0,"f:3:26:3:27":0,"s:3:38:3:64":1,"s:4:25:4:61":2,"f:4:25:4:26":1,"s:4:35:4:61":3,"s:5:25:5:62":4,"f:5:25:5:26":2,"s:5:37:5:62":5,"s:6:26:6:67":6,"f:6:26:6:27":3,"s:6:39:6:67":7,"s:7:26:7:82":8,"f:7:26:7:27":4,"s:7:45:7:82":9,"s:8:26:8:65":10,"f:8:26:8:27":5,"s:8:36:8:65":11,"s:10:30:10:83":12,"f:10:30:10:31":6,"s:10:40:10:83":13,"f:12:16:12:28":7,"s:13:4:23:Infinity":14,"b:14:15:14:19:14:23:14:33":0}}}
,"/Users/xu/work/tech-wiki/frontend/src/components/CategoryTree.css": {"path":"/Users/xu/work/tech-wiki/frontend/src/components/CategoryTree.css","statementMap":{},"fnMap":{},"branchMap":{},"s":{},"f":{},"b":{},"meta":{"lastBranch":0,"lastFunction":0,"lastStatement":0,"seen":{}}}
,"/Users/xu/work/tech-wiki/frontend/src/components/CategoryTree.jsx": {"path":"/Users/xu/work/tech-wiki/frontend/src/components/CategoryTree.jsx","statementMap":{"0":{"start":{"line":5,"column":30},"end":{"line":5,"column":null}},"1":{"start":{"line":6,"column":22},"end":{"line":6,"column":null}},"2":{"start":{"line":7,"column":19},"end":{"line":7,"column":null}},"3":{"start":{"line":9,"column":2},"end":{"line":51,"column":null}},"4":{"start":{"line":15,"column":10},"end":{"line":15,"column":null}},"5":{"start":{"line":15,"column":27},"end":{"line":15,"column":null}},"6":{"start":{"line":16,"column":10},"end":{"line":16,"column":null}},"7":{"start":{"line":41,"column":12},"end":{"line":47,"column":null}},"8":{"start":{"line":56,"column":2},"end":{"line":66,"column":null}},"9":{"start":{"line":57,"column":4},"end":{"line":64,"column":null}},"10":{"start":{"line":68,"column":2},"end":{"line":81,"column":null}},"11":{"start":{"line":73,"column":10},"end":{"line":78,"column":null}}},"fnMap":{"0":{"name":"TreeNode","decl":{"start":{"line":4,"column":9},"end":{"line":4,"column":18}},"loc":{"start":{"line":4,"column":61},"end":{"line":53,"column":null}},"line":4},"1":{"name":"(anonymous_1)","decl":{"start":{"line":14,"column":17},"end":{"line":14,"column":23}},"loc":{"start":{"line":14,"column":23},"end":{"line":17,"column":null}},"line":14},"2":{"name":"(anonymous_2)","decl":{"start":{"line":40,"column":29},"end":{"line":40,"column":30}},"loc":{"start":{"line":41,"column":12},"end":{"line":47,"column":null}},"line":41},"3":{"name":"CategoryTree","decl":{"start":{"line":55,"column":24},"end":{"line":55,"column":37}},"loc":{"start":{"line":55,"column":87},"end":{"line":83,"column":null}},"line":55},"4":{"name":"(anonymous_4)","decl":{"start":{"line":72,"column":24},"end":{"line":72,"column":25}},"loc":{"start":{"line":73,"column":10},"end":{"line":78,"column":null}},"line":73}},"branchMap":{"0":{"loc":{"start":{"line":4,"column":26},"end":{"line":4,"column":37}},"type":"default-arg","locations":[{"start":{"line":4,"column":34},"end":{"line":4,"column":37}}],"line":4},"1":{"loc":{"start":{"line":6,"column":22},"end":{"line":6,"column":null}},"type":"binary-expr","locations":[{"start":{"line":6,"column":22},"end":{"line":6,"column":39}},{"start":{"line":6,"column":39},"end":{"line":6,"column":null}}],"line":6},"2":{"loc":{"start":{"line":12,"column":32},"end":{"line":12,"column":56}},"type":"cond-expr","locations":[{"start":{"line":12,"column":43},"end":{"line":12,"column":54}},{"start":{"line":12,"column":54},"end":{"line":12,"column":56}}],"line":12},"3":{"loc":{"start":{"line":15,"column":10},"end":{"line":15,"column":null}},"type":"if","locations":[{"start":{"line":15,"column":10},"end":{"line":15,"column":null}},{"start":{},"end":{}}],"line":15},"4":{"loc":{"start":{"line":19,"column":23},"end":{"line":19,"column":null}},"type":"cond-expr","locations":[{"start":{"line":19,"column":37},"end":{"line":19,"column":48}},{"start":{"line":19,"column":48},"end":{"line":19,"column":null}}],"line":19},"5":{"loc":{"start":{"line":22,"column":9},"end":{"line":31,"column":null}},"type":"cond-expr","locations":[{"start":{"line":23,"column":10},"end":{"line":29,"column":null}},{"start":{"line":31,"column":10},"end":{"line":31,"column":null}}],"line":22},"6":{"loc":{"start":{"line":24,"column":39},"end":{"line":24,"column":65}},"type":"cond-expr","locations":[{"start":{"line":24,"column":50},"end":{"line":24,"column":63}},{"start":{"line":24,"column":63},"end":{"line":24,"column":65}}],"line":24},"7":{"loc":{"start":{"line":34,"column":9},"end":{"line":35,"column":null}},"type":"binary-expr","locations":[{"start":{"line":34,"column":9},"end":{"line":34,"column":null}},{"start":{"line":35,"column":10},"end":{"line":35,"column":null}}],"line":34},"8":{"loc":{"start":{"line":38,"column":7},"end":{"line":49,"column":null}},"type":"binary-expr","locations":[{"start":{"line":38,"column":7},"end":{"line":38,"column":22}},{"start":{"line":38,"column":22},"end":{"line":38,"column":null}},{"start":{"line":39,"column":8},"end":{"line":49,"column":null}}],"line":38},"9":{"loc":{"start":{"line":56,"column":2},"end":{"line":66,"column":null}},"type":"if","locations":[{"start":{"line":56,"column":2},"end":{"line":66,"column":null}},{"start":{},"end":{}}],"line":56},"10":{"loc":{"start":{"line":56,"column":6},"end":{"line":56,"column":46}},"type":"binary-expr","locations":[{"start":{"line":56,"column":6},"end":{"line":56,"column":21}},{"start":{"line":56,"column":21},"end":{"line":56,"column":46}}],"line":56}},"s":{"0":11,"1":11,"2":11,"3":11,"4":1,"5":0,"6":1,"7":6,"8":7,"9":2,"10":5,"11":5},"f":{"0":11,"1":1,"2":6,"3":7,"4":5},"b":{"0":[11],"1":[11,11],"2":[1,10],"3":[0,1],"4":[4,7],"5":[4,7],"6":[4,0],"7":[11,11],"8":[11,4,4],"9":[2,5],"10":[7,6]},"meta":{"lastBranch":11,"lastFunction":5,"lastStatement":12,"seen":{"f:4:9:4:18":0,"b:4:34:4:37":0,"s:5:30:5:Infinity":0,"s:6:22:6:Infinity":1,"b:6:22:6:39:6:39:6:Infinity":1,"s:7:19:7:Infinity":2,"s:9:2:51:Infinity":3,"b:12:43:12:54:12:54:12:56":2,"f:14:17:14:23":1,"b:15:10:15:Infinity:undefined:undefined:undefined:undefined":3,"s:15:10:15:Infinity":4,"s:15:27:15:Infinity":5,"s:16:10:16:Infinity":6,"b:19:37:19:48:19:48:19:Infinity":4,"b:23:10:29:Infinity:31:10:31:Infinity":5,"b:24:50:24:63:24:63:24:65":6,"b:34:9:34:Infinity:35:10:35:Infinity":7,"b:38:7:38:22:38:22:38:Infinity:39:8:49:Infinity":8,"f:40:29:40:30":2,"s:41:12:47:Infinity":7,"f:55:24:55:37":3,"b:56:2:66:Infinity:undefined:undefined:undefined:undefined":9,"s:56:2:66:Infinity":8,"b:56:6:56:21:56:21:56:46":10,"s:57:4:64:Infinity":9,"s:68:2:81:Infinity":10,"f:72:24:72:25":4,"s:73:10:78:Infinity":11}}}
,"/Users/xu/work/tech-wiki/frontend/src/components/HealthIndicator.css": {"path":"/Users/xu/work/tech-wiki/frontend/src/components/HealthIndicator.css","statementMap":{},"fnMap":{},"branchMap":{},"s":{},"f":{},"b":{},"meta":{"lastBranch":0,"lastFunction":0,"lastStatement":0,"seen":{}}}
,"/Users/xu/work/tech-wiki/frontend/src/components/HealthIndicator.jsx": {"path":"/Users/xu/work/tech-wiki/frontend/src/components/HealthIndicator.jsx","statementMap":{"0":{"start":{"line":5,"column":25},"end":{"line":5,"column":null}},"1":{"start":{"line":6,"column":26},"end":{"line":6,"column":null}},"2":{"start":{"line":17,"column":26},"end":{"line":17,"column":null}},"3":{"start":{"line":18,"column":38},"end":{"line":18,"column":null}},"4":{"start":{"line":19,"column":32},"end":{"line":19,"column":null}},"5":{"start":{"line":20,"column":28},"end":{"line":20,"column":null}},"6":{"start":{"line":21,"column":42},"end":{"line":21,"column":null}},"7":{"start":{"line":22,"column":8},"end":{"line":22,"column":null}},"8":{"start":{"line":25,"column":8},"end":{"line":46,"column":null}},"9":{"start":{"line":26,"column":4},"end":{"line":45,"column":null}},"10":{"start":{"line":27,"column":19},"end":{"line":27,"column":null}},"11":{"start":{"line":28,"column":6},"end":{"line":28,"column":null}},"12":{"start":{"line":28,"column":29},"end":{"line":28,"column":null}},"13":{"start":{"line":30,"column":6},"end":{"line":34,"column":null}},"14":{"start":{"line":31,"column":8},"end":{"line":31,"column":null}},"15":{"start":{"line":33,"column":8},"end":{"line":33,"column":null}},"16":{"start":{"line":35,"column":6},"end":{"line":35,"column":null}},"17":{"start":{"line":37,"column":6},"end":{"line":37,"column":null}},"18":{"start":{"line":37,"column":29},"end":{"line":37,"column":null}},"19":{"start":{"line":38,"column":6},"end":{"line":44,"column":null}},"20":{"start":{"line":39,"column":21},"end":{"line":39,"column":null}},"21":{"start":{"line":40,"column":8},"end":{"line":42,"column":null}},"22":{"start":{"line":41,"column":10},"end":{"line":41,"column":null}},"23":{"start":{"line":43,"column":8},"end":{"line":43,"column":null}},"24":{"start":{"line":48,"column":2},"end":{"line":56,"column":null}},"25":{"start":{"line":49,"column":4},"end":{"line":49,"column":null}},"26":{"start":{"line":50,"column":4},"end":{"line":50,"column":null}},"27":{"start":{"line":51,"column":18},"end":{"line":51,"column":null}},"28":{"start":{"line":52,"column":4},"end":{"line":55,"column":null}},"29":{"start":{"line":53,"column":6},"end":{"line":53,"column":null}},"30":{"start":{"line":54,"column":6},"end":{"line":54,"column":null}},"31":{"start":{"line":59,"column":8},"end":{"line":76,"column":null}},"32":{"start":{"line":60,"column":4},"end":{"line":60,"column":null}},"33":{"start":{"line":61,"column":4},"end":{"line":61,"column":null}},"34":{"start":{"line":62,"column":4},"end":{"line":75,"column":null}},"35":{"start":{"line":63,"column":19},"end":{"line":63,"column":null}},"36":{"start":{"line":64,"column":6},"end":{"line":66,"column":null}},"37":{"start":{"line":65,"column":8},"end":{"line":65,"column":null}},"38":{"start":{"line":68,"column":6},"end":{"line":70,"column":null}},"39":{"start":{"line":69,"column":8},"end":{"line":69,"column":null}},"40":{"start":{"line":72,"column":6},"end":{"line":74,"column":null}},"41":{"start":{"line":73,"column":8},"end":{"line":73,"column":null}},"42":{"start":{"line":78,"column":8},"end":{"line":81,"column":null}},"43":{"start":{"line":79,"column":4},"end":{"line":79,"column":null}},"44":{"start":{"line":80,"column":4},"end":{"line":80,"column":null}},"45":{"start":{"line":85,"column":2},"end":{"line":94,"column":null}},"46":{"start":{"line":86,"column":4},"end":{"line":86,"column":null}},"47":{"start":{"line":87,"column":4},"end":{"line":87,"column":null}},"48":{"start":{"line":88,"column":2},"end":{"line":94,"column":null}},"49":{"start":{"line":89,"column":4},"end":{"line":89,"column":null}},"50":{"start":{"line":90,"column":4},"end":{"line":90,"column":null}},"51":{"start":{"line":92,"column":4},"end":{"line":92,"column":null}},"52":{"start":{"line":93,"column":4},"end":{"line":93,"column":null}},"53":{"start":{"line":97,"column":22},"end":{"line":97,"column":null}},"54":{"start":{"line":98,"column":2},"end":{"line":115,"column":null}},"55":{"start":{"line":99,"column":14},"end":{"line":99,"column":null}},"56":{"start":{"line":100,"column":4},"end":{"line":102,"column":null}},"57":{"start":{"line":101,"column":6},"end":{"line":101,"column":null}},"58":{"start":{"line":103,"column":4},"end":{"line":108,"column":null}},"59":{"start":{"line":104,"column":16},"end":{"line":104,"column":null}},"60":{"start":{"line":105,"column":16},"end":{"line":105,"column":null}},"61":{"start":{"line":106,"column":16},"end":{"line":106,"column":null}},"62":{"start":{"line":107,"column":6},"end":{"line":107,"column":null}},"63":{"start":{"line":109,"column":4},"end":{"line":111,"column":null}},"64":{"start":{"line":110,"column":6},"end":{"line":110,"column":null}},"65":{"start":{"line":112,"column":4},"end":{"line":114,"column":null}},"66":{"start":{"line":113,"column":6},"end":{"line":113,"column":null}},"67":{"start":{"line":117,"column":2},"end":{"line":173,"column":null}},"68":{"start":{"line":134,"column":54},"end":{"line":134,"column":75}},"69":{"start":{"line":150,"column":20},"end":{"line":153,"column":null}}},"fnMap":{"0":{"name":"HealthIndicator","decl":{"start":{"line":16,"column":24},"end":{"line":16,"column":42}},"loc":{"start":{"line":16,"column":42},"end":{"line":175,"column":null}},"line":16},"1":{"name":"(anonymous_1)","decl":{"start":{"line":25,"column":28},"end":{"line":25,"column":40}},"loc":{"start":{"line":25,"column":40},"end":{"line":46,"column":5}},"line":25},"2":{"name":"(anonymous_2)","decl":{"start":{"line":38,"column":22},"end":{"line":38,"column":30}},"loc":{"start":{"line":38,"column":30},"end":{"line":44,"column":7}},"line":38},"3":{"name":"(anonymous_3)","decl":{"start":{"line":48,"column":12},"end":{"line":48,"column":18}},"loc":{"start":{"line":48,"column":18},"end":{"line":56,"column":5}},"line":48},"4":{"name":"(anonymous_4)","decl":{"start":{"line":52,"column":11},"end":{"line":52,"column":17}},"loc":{"start":{"line":52,"column":17},"end":{"line":55,"column":null}},"line":52},"5":{"name":"(anonymous_5)","decl":{"start":{"line":59,"column":32},"end":{"line":59,"column":44}},"loc":{"start":{"line":59,"column":44},"end":{"line":76,"column":5}},"line":59},"6":{"name":"(anonymous_6)","decl":{"start":{"line":78,"column":33},"end":{"line":78,"column":39}},"loc":{"start":{"line":78,"column":39},"end":{"line":81,"column":5}},"line":78},"7":{"name":"(anonymous_7)","decl":{"start":{"line":134,"column":49},"end":{"line":134,"column":54}},"loc":{"start":{"line":134,"column":54},"end":{"line":134,"column":75}},"line":134},"8":{"name":"(anonymous_8)","decl":{"start":{"line":149,"column":35},"end":{"line":149,"column":null}},"loc":{"start":{"line":150,"column":20},"end":{"line":153,"column":null}},"line":150}},"branchMap":{"0":{"loc":{"start":{"line":28,"column":6},"end":{"line":28,"column":null}},"type":"if","locations":[{"start":{"line":28,"column":6},"end":{"line":28,"column":null}},{"start":{},"end":{}}],"line":28},"1":{"loc":{"start":{"line":30,"column":6},"end":{"line":34,"column":null}},"type":"if","locations":[{"start":{"line":30,"column":6},"end":{"line":34,"column":null}},{"start":{"line":32,"column":13},"end":{"line":34,"column":null}}],"line":30},"2":{"loc":{"start":{"line":30,"column":10},"end":{"line":30,"column":59}},"type":"binary-expr","locations":[{"start":{"line":30,"column":10},"end":{"line":30,"column":31}},{"start":{"line":30,"column":31},"end":{"line":30,"column":59}}],"line":30},"3":{"loc":{"start":{"line":37,"column":6},"end":{"line":37,"column":null}},"type":"if","locations":[{"start":{"line":37,"column":6},"end":{"line":37,"column":null}},{"start":{},"end":{}}],"line":37},"4":{"loc":{"start":{"line":40,"column":8},"end":{"line":42,"column":null}},"type":"if","locations":[{"start":{"line":40,"column":8},"end":{"line":42,"column":null}},{"start":{},"end":{}}],"line":40},"5":{"loc":{"start":{"line":64,"column":6},"end":{"line":66,"column":null}},"type":"if","locations":[{"start":{"line":64,"column":6},"end":{"line":66,"column":null}},{"start":{},"end":{}}],"line":64},"6":{"loc":{"start":{"line":68,"column":6},"end":{"line":70,"column":null}},"type":"if","locations":[{"start":{"line":68,"column":6},"end":{"line":70,"column":null}},{"start":{},"end":{}}],"line":68},"7":{"loc":{"start":{"line":72,"column":6},"end":{"line":74,"column":null}},"type":"if","locations":[{"start":{"line":72,"column":6},"end":{"line":74,"column":null}},{"start":{},"end":{}}],"line":72},"8":{"loc":{"start":{"line":85,"column":2},"end":{"line":94,"column":null}},"type":"if","locations":[{"start":{"line":85,"column":2},"end":{"line":94,"column":null}},{"start":{"line":88,"column":2},"end":{"line":94,"column":null}}],"line":85},"9":{"loc":{"start":{"line":88,"column":2},"end":{"line":94,"column":null}},"type":"if","locations":[{"start":{"line":88,"column":2},"end":{"line":94,"column":null}},{"start":{"line":91,"column":9},"end":{"line":94,"column":null}}],"line":88},"10":{"loc":{"start":{"line":98,"column":2},"end":{"line":115,"column":null}},"type":"if","locations":[{"start":{"line":98,"column":2},"end":{"line":115,"column":null}},{"start":{},"end":{}}],"line":98},"11":{"loc":{"start":{"line":100,"column":4},"end":{"line":102,"column":null}},"type":"if","locations":[{"start":{"line":100,"column":4},"end":{"line":102,"column":null}},{"start":{},"end":{}}],"line":100},"12":{"loc":{"start":{"line":101,"column":49},"end":{"line":101,"column":107}},"type":"cond-expr","locations":[{"start":{"line":101,"column":93},"end":{"line":101,"column":100}},{"start":{"line":101,"column":100},"end":{"line":101,"column":107}}],"line":101},"13":{"loc":{"start":{"line":101,"column":49},"end":{"line":101,"column":93}},"type":"binary-expr","locations":[{"start":{"line":101,"column":49},"end":{"line":101,"column":77}},{"start":{"line":101,"column":77},"end":{"line":101,"column":93}}],"line":101},"14":{"loc":{"start":{"line":103,"column":4},"end":{"line":108,"column":null}},"type":"if","locations":[{"start":{"line":103,"column":4},"end":{"line":108,"column":null}},{"start":{},"end":{}}],"line":103},"15":{"loc":{"start":{"line":109,"column":4},"end":{"line":111,"column":null}},"type":"if","locations":[{"start":{"line":109,"column":4},"end":{"line":111,"column":null}},{"start":{},"end":{}}],"line":109},"16":{"loc":{"start":{"line":112,"column":4},"end":{"line":114,"column":null}},"type":"if","locations":[{"start":{"line":112,"column":4},"end":{"line":114,"column":null}},{"start":{},"end":{}}],"line":112},"17":{"loc":{"start":{"line":132,"column":7},"end":{"line":171,"column":null}},"type":"binary-expr","locations":[{"start":{"line":132,"column":7},"end":{"line":132,"column":null}},{"start":{"line":133,"column":8},"end":{"line":171,"column":null}}],"line":132},"18":{"loc":{"start":{"line":143,"column":15},"end":{"line":157,"column":null}},"type":"cond-expr","locations":[{"start":{"line":144,"column":16},"end":{"line":144,"column":null}},{"start":{"line":145,"column":18},"end":{"line":157,"column":null}}],"line":143},"19":{"loc":{"start":{"line":145,"column":18},"end":{"line":157,"column":null}},"type":"cond-expr","locations":[{"start":{"line":146,"column":16},"end":{"line":146,"column":null}},{"start":{"line":147,"column":18},"end":{"line":157,"column":null}}],"line":145},"20":{"loc":{"start":{"line":147,"column":18},"end":{"line":157,"column":null}},"type":"cond-expr","locations":[{"start":{"line":148,"column":16},"end":{"line":155,"column":null}},{"start":{"line":157,"column":16},"end":{"line":157,"column":null}}],"line":147}},"s":{"0":1,"1":1,"2":47,"3":47,"4":47,"5":47,"6":47,"7":47,"8":47,"9":19,"10":19,"11":10,"12":0,"13":10,"14":2,"15":8,"16":10,"17":8,"18":0,"19":8,"20":8,"21":8,"22":2,"23":8,"24":47,"25":13,"26":13,"27":13,"28":13,"29":13,"30":13,"31":47,"32":6,"33":6,"34":6,"35":6,"36":5,"37":5,"38":1,"39":1,"40":6,"41":6,"42":47,"43":2,"44":2,"45":47,"46":21,"47":21,"48":26,"49":22,"50":22,"51":4,"52":4,"53":47,"54":47,"55":3,"56":3,"57":2,"58":3,"59":2,"60":2,"61":2,"62":2,"63":3,"64":2,"65":3,"66":1,"67":47,"68":1,"69":7},"f":{"0":47,"1":19,"2":8,"3":13,"4":13,"5":6,"6":2,"7":1,"8":7},"b":{"0":[0,10],"1":[2,8],"2":[10,9],"3":[0,8],"4":[2,6],"5":[5,0],"6":[1,0],"7":[6,0],"8":[21,26],"9":[22,4],"10":[3,44],"11":[2,1],"12":[1,1],"13":[2,2],"14":[2,1],"15":[2,1],"16":[1,2],"17":[47,12],"18":[6,6],"19":[1,5],"20":[2,3]},"meta":{"lastBranch":21,"lastFunction":9,"lastStatement":70,"seen":{"s:5:25:5:Infinity":0,"s:6:26:6:Infinity":1,"f:16:24:16:42":0,"s:17:26:17:Infinity":2,"s:18:38:18:Infinity":3,"s:19:32:19:Infinity":4,"s:20:28:20:Infinity":5,"s:21:42:21:Infinity":6,"s:22:8:22:Infinity":7,"s:25:8:46:Infinity":8,"f:25:28:25:40":1,"s:26:4:45:Infinity":9,"s:27:19:27:Infinity":10,"b:28:6:28:Infinity:undefined:undefined:undefined:undefined":0,"s:28:6:28:Infinity":11,"s:28:29:28:Infinity":12,"b:30:6:34:Infinity:32:13:34:Infinity":1,"s:30:6:34:Infinity":13,"b:30:10:30:31:30:31:30:59":2,"s:31:8:31:Infinity":14,"s:33:8:33:Infinity":15,"s:35:6:35:Infinity":16,"b:37:6:37:Infinity:undefined:undefined:undefined:undefined":3,"s:37:6:37:Infinity":17,"s:37:29:37:Infinity":18,"s:38:6:44:Infinity":19,"f:38:22:38:30":2,"s:39:21:39:Infinity":20,"b:40:8:42:Infinity:undefined:undefined:undefined:undefined":4,"s:40:8:42:Infinity":21,"s:41:10:41:Infinity":22,"s:43:8:43:Infinity":23,"s:48:2:56:Infinity":24,"f:48:12:48:18":3,"s:49:4:49:Infinity":25,"s:50:4:50:Infinity":26,"s:51:18:51:Infinity":27,"s:52:4:55:Infinity":28,"f:52:11:52:17":4,"s:53:6:53:Infinity":29,"s:54:6:54:Infinity":30,"s:59:8:76:Infinity":31,"f:59:32:59:44":5,"s:60:4:60:Infinity":32,"s:61:4:61:Infinity":33,"s:62:4:75:Infinity":34,"s:63:19:63:Infinity":35,"b:64:6:66:Infinity:undefined:undefined:undefined:undefined":5,"s:64:6:66:Infinity":36,"s:65:8:65:Infinity":37,"b:68:6:70:Infinity:undefined:undefined:undefined:undefined":6,"s:68:6:70:Infinity":38,"s:69:8:69:Infinity":39,"b:72:6:74:Infinity:undefined:undefined:undefined:undefined":7,"s:72:6:74:Infinity":40,"s:73:8:73:Infinity":41,"s:78:8:81:Infinity":42,"f:78:33:78:39":6,"s:79:4:79:Infinity":43,"s:80:4:80:Infinity":44,"b:85:2:94:Infinity:88:2:94:Infinity":8,"s:85:2:94:Infinity":45,"s:86:4:86:Infinity":46,"s:87:4:87:Infinity":47,"b:88:2:94:Infinity:91:9:94:Infinity":9,"s:88:2:94:Infinity":48,"s:89:4:89:Infinity":49,"s:90:4:90:Infinity":50,"s:92:4:92:Infinity":51,"s:93:4:93:Infinity":52,"s:97:22:97:Infinity":53,"b:98:2:115:Infinity:undefined:undefined:undefined:undefined":10,"s:98:2:115:Infinity":54,"s:99:14:99:Infinity":55,"b:100:4:102:Infinity:undefined:undefined:undefined:undefined":11,"s:100:4:102:Infinity":56,"s:101:6:101:Infinity":57,"b:101:93:101:100:101:100:101:107":12,"b:101:49:101:77:101:77:101:93":13,"b:103:4:108:Infinity:undefined:undefined:undefined:undefined":14,"s:103:4:108:Infinity":58,"s:104:16:104:Infinity":59,"s:105:16:105:Infinity":60,"s:106:16:106:Infinity":61,"s:107:6:107:Infinity":62,"b:109:4:111:Infinity:undefined:undefined:undefined:undefined":15,"s:109:4:111:Infinity":63,"s:110:6:110:Infinity":64,"b:112:4:114:Infinity:undefined:undefined:undefined:undefined":16,"s:112:4:114:Infinity":65,"s:113:6:113:Infinity":66,"s:117:2:173:Infinity":67,"b:132:7:132:Infinity:133:8:171:Infinity":17,"f:134:49:134:54":7,"s:134:54:134:75":68,"b:144:16:144:Infinity:145:18:157:Infinity":18,"b:146:16:146:Infinity:147:18:157:Infinity":19,"b:148:16:155:Infinity:157:16:157:Infinity":20,"f:149:35:149:Infinity":8,"s:150:20:153:Infinity":69}}}
,"/Users/xu/work/tech-wiki/frontend/src/components/MarkdownRenderer.css": {"path":"/Users/xu/work/tech-wiki/frontend/src/components/MarkdownRenderer.css","statementMap":{},"fnMap":{},"branchMap":{},"s":{},"f":{},"b":{},"meta":{"lastBranch":0,"lastFunction":0,"lastStatement":0,"seen":{}}}
,"/Users/xu/work/tech-wiki/frontend/src/components/MarkdownRenderer.jsx": {"path":"/Users/xu/work/tech-wiki/frontend/src/components/MarkdownRenderer.jsx","statementMap":{"0":{"start":{"line":8,"column":6},"end":{"line":8,"column":null}},"1":{"start":{"line":8,"column":32},"end":{"line":8,"column":null}},"2":{"start":{"line":11,"column":2},"end":{"line":15,"column":null}},"3":{"start":{"line":12,"column":4},"end":{"line":14,"column":null}},"4":{"start":{"line":13,"column":6},"end":{"line":13,"column":null}},"5":{"start":{"line":17,"column":2},"end":{"line":54,"column":null}},"6":{"start":{"line":23,"column":26},"end":{"line":23,"column":null}},"7":{"start":{"line":24,"column":28},"end":{"line":24,"column":null}},"8":{"start":{"line":26,"column":12},"end":{"line":32,"column":null}},"9":{"start":{"line":27,"column":14},"end":{"line":30,"column":null}},"10":{"start":{"line":34,"column":12},"end":{"line":42,"column":null}},"11":{"start":{"line":35,"column":14},"end":{"line":40,"column":null}},"12":{"start":{"line":44,"column":12},"end":{"line":47,"column":null}}},"fnMap":{"0":{"name":"(anonymous_0)","decl":{"start":{"line":8,"column":26},"end":{"line":8,"column":32}},"loc":{"start":{"line":8,"column":32},"end":{"line":8,"column":null}},"line":8},"1":{"name":"MarkdownRenderer","decl":{"start":{"line":10,"column":24},"end":{"line":10,"column":41}},"loc":{"start":{"line":10,"column":76},"end":{"line":56,"column":null}},"line":10},"2":{"name":"(anonymous_2)","decl":{"start":{"line":11,"column":12},"end":{"line":11,"column":18}},"loc":{"start":{"line":11,"column":18},"end":{"line":15,"column":5}},"line":11},"3":{"name":"(anonymous_3)","decl":{"start":{"line":12,"column":65},"end":{"line":12,"column":66}},"loc":{"start":{"line":12,"column":76},"end":{"line":14,"column":5}},"line":12},"4":{"name":"(anonymous_4)","decl":{"start":{"line":22,"column":10},"end":{"line":22,"column":15}},"loc":{"start":{"line":22,"column":64},"end":{"line":49,"column":null}},"line":22}},"branchMap":{"0":{"loc":{"start":{"line":10,"column":52},"end":{"line":10,"column":73}},"type":"default-arg","locations":[{"start":{"line":10,"column":68},"end":{"line":10,"column":73}}],"line":10},"1":{"loc":{"start":{"line":23,"column":48},"end":{"line":23,"column":63}},"type":"binary-expr","locations":[{"start":{"line":23,"column":48},"end":{"line":23,"column":61}},{"start":{"line":23,"column":61},"end":{"line":23,"column":63}}],"line":23},"2":{"loc":{"start":{"line":26,"column":12},"end":{"line":32,"column":null}},"type":"if","locations":[{"start":{"line":26,"column":12},"end":{"line":32,"column":null}},{"start":{},"end":{}}],"line":26},"3":{"loc":{"start":{"line":26,"column":16},"end":{"line":26,"column":77}},"type":"binary-expr","locations":[{"start":{"line":26,"column":16},"end":{"line":26,"column":27}},{"start":{"line":26,"column":27},"end":{"line":26,"column":36}},{"start":{"line":26,"column":36},"end":{"line":26,"column":62}},{"start":{"line":26,"column":62},"end":{"line":26,"column":77}}],"line":26},"4":{"loc":{"start":{"line":34,"column":12},"end":{"line":42,"column":null}},"type":"if","locations":[{"start":{"line":34,"column":12},"end":{"line":42,"column":null}},{"start":{},"end":{}}],"line":34},"5":{"loc":{"start":{"line":34,"column":16},"end":{"line":34,"column":34}},"type":"binary-expr","locations":[{"start":{"line":34,"column":16},"end":{"line":34,"column":27}},{"start":{"line":34,"column":27},"end":{"line":34,"column":34}}],"line":34}},"s":{"0":1,"1":1,"2":21,"3":21,"4":4,"5":21,"6":5,"7":5,"8":5,"9":1,"10":4,"11":2,"12":2},"f":{"0":1,"1":21,"2":21,"3":4,"4":5},"b":{"0":[21],"1":[5,2],"2":[1,4],"3":[5,5,3,2],"4":[2,2],"5":[4,4]},"meta":{"lastBranch":6,"lastFunction":5,"lastStatement":13,"seen":{"s:8:6:8:Infinity":0,"f:8:26:8:32":0,"s:8:32:8:Infinity":1,"f:10:24:10:41":1,"b:10:68:10:73":0,"s:11:2:15:Infinity":2,"f:11:12:11:18":2,"s:12:4:14:Infinity":3,"f:12:65:12:66":3,"s:13:6:13:Infinity":4,"s:17:2:54:Infinity":5,"f:22:10:22:15":4,"s:23:26:23:Infinity":6,"b:23:48:23:61:23:61:23:63":1,"s:24:28:24:Infinity":7,"b:26:12:32:Infinity:undefined:undefined:undefined:undefined":2,"s:26:12:32:Infinity":8,"b:26:16:26:27:26:27:26:36:26:36:26:62:26:62:26:77":3,"s:27:14:30:Infinity":9,"b:34:12:42:Infinity:undefined:undefined:undefined:undefined":4,"s:34:12:42:Infinity":10,"b:34:16:34:27:34:27:34:34":5,"s:35:14:40:Infinity":11,"s:44:12:47:Infinity":12}}}
,"/Users/xu/work/tech-wiki/frontend/src/components/NoteCard.css": {"path":"/Users/xu/work/tech-wiki/frontend/src/components/NoteCard.css","statementMap":{},"fnMap":{},"branchMap":{},"s":{},"f":{},"b":{},"meta":{"lastBranch":0,"lastFunction":0,"lastStatement":0,"seen":{}}}
,"/Users/xu/work/tech-wiki/frontend/src/components/NoteCard.jsx": {"path":"/Users/xu/work/tech-wiki/frontend/src/components/NoteCard.jsx","statementMap":{"0":{"start":{"line":3,"column":19},"end":{"line":10,"column":null}},"1":{"start":{"line":13,"column":4},"end":{"line":15,"column":null}},"2":{"start":{"line":14,"column":8},"end":{"line":14,"column":null}},"3":{"start":{"line":14,"column":29},"end":{"line":14,"column":null}},"4":{"start":{"line":16,"column":4},"end":{"line":18,"column":null}},"5":{"start":{"line":17,"column":8},"end":{"line":17,"column":null}},"6":{"start":{"line":17,"column":33},"end":{"line":17,"column":null}},"7":{"start":{"line":19,"column":4},"end":{"line":19,"column":null}},"8":{"start":{"line":23,"column":4},"end":{"line":34,"column":null}},"9":{"start":{"line":43,"column":17},"end":{"line":43,"column":null}},"10":{"start":{"line":44,"column":17},"end":{"line":44,"column":null}},"11":{"start":{"line":45,"column":23},"end":{"line":45,"column":null}},"12":{"start":{"line":46,"column":26},"end":{"line":50,"column":null}},"13":{"start":{"line":52,"column":32},"end":{"line":56,"column":null}},"14":{"start":{"line":53,"column":8},"end":{"line":53,"column":null}},"15":{"start":{"line":54,"column":8},"end":{"line":54,"column":null}},"16":{"start":{"line":55,"column":8},"end":{"line":55,"column":null}},"17":{"start":{"line":55,"column":30},"end":{"line":55,"column":null}},"18":{"start":{"line":58,"column":4},"end":{"line":66,"column":null}},"19":{"start":{"line":59,"column":8},"end":{"line":64,"column":null}},"20":{"start":{"line":68,"column":4},"end":{"line":97,"column":null}},"21":{"start":{"line":71,"column":29},"end":{"line":71,"column":64}}},"fnMap":{"0":{"name":"pickIcon","decl":{"start":{"line":12,"column":9},"end":{"line":12,"column":18}},"loc":{"start":{"line":12,"column":31},"end":{"line":20,"column":null}},"line":12},"1":{"name":"StarIcon","decl":{"start":{"line":22,"column":9},"end":{"line":22,"column":18}},"loc":{"start":{"line":22,"column":39},"end":{"line":36,"column":null}},"line":22},"2":{"name":"NoteCard","decl":{"start":{"line":38,"column":24},"end":{"line":38,"column":33}},"loc":{"start":{"line":42,"column":3},"end":{"line":99,"column":null}},"line":42},"3":{"name":"(anonymous_3)","decl":{"start":{"line":52,"column":32},"end":{"line":52,"column":33}},"loc":{"start":{"line":52,"column":43},"end":{"line":56,"column":null}},"line":52},"4":{"name":"(anonymous_4)","decl":{"start":{"line":71,"column":21},"end":{"line":71,"column":27}},"loc":{"start":{"line":71,"column":27},"end":{"line":71,"column":null}},"line":71}},"branchMap":{"0":{"loc":{"start":{"line":13,"column":23},"end":{"line":13,"column":36}},"type":"binary-expr","locations":[{"start":{"line":13,"column":23},"end":{"line":13,"column":31}},{"start":{"line":13,"column":31},"end":{"line":13,"column":36}}],"line":13},"1":{"loc":{"start":{"line":14,"column":8},"end":{"line":14,"column":null}},"type":"if","locations":[{"start":{"line":14,"column":8},"end":{"line":14,"column":null}},{"start":{},"end":{}}],"line":14},"2":{"loc":{"start":{"line":17,"column":8},"end":{"line":17,"column":null}},"type":"if","locations":[{"start":{"line":17,"column":8},"end":{"line":17,"column":null}},{"start":{},"end":{}}],"line":17},"3":{"loc":{"start":{"line":26,"column":46},"end":{"line":26,"column":72}},"type":"cond-expr","locations":[{"start":{"line":26,"column":55},"end":{"line":26,"column":70}},{"start":{"line":26,"column":70},"end":{"line":26,"column":72}}],"line":26},"4":{"loc":{"start":{"line":28,"column":19},"end":{"line":28,"column":null}},"type":"cond-expr","locations":[{"start":{"line":28,"column":28},"end":{"line":28,"column":42}},{"start":{"line":28,"column":42},"end":{"line":28,"column":null}}],"line":28},"5":{"loc":{"start":{"line":29,"column":24},"end":{"line":29,"column":null}},"type":"cond-expr","locations":[{"start":{"line":29,"column":33},"end":{"line":29,"column":47}},{"start":{"line":29,"column":47},"end":{"line":29,"column":null}}],"line":29},"6":{"loc":{"start":{"line":31,"column":66},"end":{"line":31,"column":100}},"type":"cond-expr","locations":[{"start":{"line":31,"column":75},"end":{"line":31,"column":92}},{"start":{"line":31,"column":92},"end":{"line":31,"column":100}}],"line":31},"7":{"loc":{"start":{"line":41,"column":4},"end":{"line":41,"column":null}},"type":"default-arg","locations":[{"start":{"line":41,"column":11},"end":{"line":41,"column":null}}],"line":41},"8":{"loc":{"start":{"line":43,"column":17},"end":{"line":43,"column":null}},"type":"binary-expr","locations":[{"start":{"line":43,"column":17},"end":{"line":43,"column":35}},{"start":{"line":43,"column":35},"end":{"line":43,"column":null}}],"line":43},"9":{"loc":{"start":{"line":46,"column":26},"end":{"line":50,"column":null}},"type":"cond-expr","locations":[{"start":{"line":47,"column":10},"end":{"line":49,"column":null}},{"start":{"line":50,"column":10},"end":{"line":50,"column":null}}],"line":46},"10":{"loc":{"start":{"line":55,"column":8},"end":{"line":55,"column":null}},"type":"if","locations":[{"start":{"line":55,"column":8},"end":{"line":55,"column":null}},{"start":{},"end":{}}],"line":55},"11":{"loc":{"start":{"line":58,"column":4},"end":{"line":66,"column":null}},"type":"if","locations":[{"start":{"line":58,"column":4},"end":{"line":66,"column":null}},{"start":{},"end":{}}],"line":58},"12":{"loc":{"start":{"line":60,"column":57},"end":{"line":60,"column":90}},"type":"cond-expr","locations":[{"start":{"line":60,"column":73},"end":{"line":60,"column":88}},{"start":{"line":60,"column":88},"end":{"line":60,"column":90}}],"line":60},"13":{"loc":{"start":{"line":70,"column":36},"end":{"line":70,"column":69}},"type":"cond-expr","locations":[{"start":{"line":70,"column":52},"end":{"line":70,"column":67}},{"start":{"line":70,"column":67},"end":{"line":70,"column":69}}],"line":70},"14":{"loc":{"start":{"line":82,"column":21},"end":{"line":83,"column":null}},"type":"binary-expr","locations":[{"start":{"line":82,"column":21},"end":{"line":82,"column":null}},{"start":{"line":83,"column":24},"end":{"line":83,"column":null}}],"line":82},"15":{"loc":{"start":{"line":85,"column":21},"end":{"line":86,"column":null}},"type":"binary-expr","locations":[{"start":{"line":85,"column":21},"end":{"line":85,"column":null}},{"start":{"line":86,"column":24},"end":{"line":86,"column":null}}],"line":85},"16":{"loc":{"start":{"line":90,"column":17},"end":{"line":94,"column":null}},"type":"binary-expr","locations":[{"start":{"line":90,"column":17},"end":{"line":90,"column":null}},{"start":{"line":91,"column":20},"end":{"line":94,"column":null}}],"line":90}},"s":{"0":2,"1":96,"2":93,"3":92,"4":4,"5":52,"6":2,"7":2,"8":96,"9":96,"10":96,"11":96,"12":96,"13":96,"14":3,"15":3,"16":3,"17":2,"18":96,"19":6,"20":90,"21":0},"f":{"0":96,"1":96,"2":96,"3":3,"4":0},"b":{"0":[96,0],"1":[92,1],"2":[2,50],"3":[3,93],"4":[3,93],"5":[3,93],"6":[3,93],"7":[96],"8":[96,1],"9":[95,1],"10":[2,1],"11":[6,90],"12":[1,5],"13":[2,88],"14":[96,63],"15":[96,1],"16":[96,1]},"meta":{"lastBranch":17,"lastFunction":5,"lastStatement":22,"seen":{"s:3:19:10:Infinity":0,"f:12:9:12:18":0,"s:13:4:15:Infinity":1,"b:13:23:13:31:13:31:13:36":0,"b:14:8:14:Infinity:undefined:undefined:undefined:undefined":1,"s:14:8:14:Infinity":2,"s:14:29:14:Infinity":3,"s:16:4:18:Infinity":4,"b:17:8:17:Infinity:undefined:undefined:undefined:undefined":2,"s:17:8:17:Infinity":5,"s:17:33:17:Infinity":6,"s:19:4:19:Infinity":7,"f:22:9:22:18":1,"s:23:4:34:Infinity":8,"b:26:55:26:70:26:70:26:72":3,"b:28:28:28:42:28:42:28:Infinity":4,"b:29:33:29:47:29:47:29:Infinity":5,"b:31:75:31:92:31:92:31:100":6,"f:38:24:38:33":2,"b:41:11:41:Infinity":7,"s:43:17:43:Infinity":9,"b:43:17:43:35:43:35:43:Infinity":8,"s:44:17:44:Infinity":10,"s:45:23:45:Infinity":11,"s:46:26:50:Infinity":12,"b:47:10:49:Infinity:50:10:50:Infinity":9,"s:52:32:56:Infinity":13,"f:52:32:52:33":3,"s:53:8:53:Infinity":14,"s:54:8:54:Infinity":15,"b:55:8:55:Infinity:undefined:undefined:undefined:undefined":10,"s:55:8:55:Infinity":16,"s:55:30:55:Infinity":17,"b:58:4:66:Infinity:undefined:undefined:undefined:undefined":11,"s:58:4:66:Infinity":18,"s:59:8:64:Infinity":19,"b:60:73:60:88:60:88:60:90":12,"s:68:4:97:Infinity":20,"b:70:52:70:67:70:67:70:69":13,"f:71:21:71:27":4,"s:71:29:71:64":21,"b:82:21:82:Infinity:83:24:83:Infinity":14,"b:85:21:85:Infinity:86:24:86:Infinity":15,"b:90:17:90:Infinity:91:20:94:Infinity":16}}}
,"/Users/xu/work/tech-wiki/frontend/src/components/NoteList.css": {"path":"/Users/xu/work/tech-wiki/frontend/src/components/NoteList.css","statementMap":{},"fnMap":{},"branchMap":{},"s":{},"f":{},"b":{},"meta":{"lastBranch":0,"lastFunction":0,"lastStatement":0,"seen":{}}}
,"/Users/xu/work/tech-wiki/frontend/src/components/NoteList.jsx": {"path":"/Users/xu/work/tech-wiki/frontend/src/components/NoteList.jsx","statementMap":{"0":{"start":{"line":6,"column":27},"end":{"line":6,"column":null}},"1":{"start":{"line":8,"column":21},"end":{"line":12,"column":null}},"2":{"start":{"line":9,"column":51},"end":{"line":9,"column":99}},"3":{"start":{"line":10,"column":51},"end":{"line":10,"column":99}},"4":{"start":{"line":11,"column":50},"end":{"line":11,"column":87}},"5":{"start":{"line":15,"column":32},"end":{"line":15,"column":null}},"6":{"start":{"line":16,"column":38},"end":{"line":16,"column":null}},"7":{"start":{"line":17,"column":30},"end":{"line":17,"column":null}},"8":{"start":{"line":18,"column":32},"end":{"line":18,"column":null}},"9":{"start":{"line":19,"column":22},"end":{"line":19,"column":null}},"10":{"start":{"line":21,"column":19},"end":{"line":21,"column":null}},"11":{"start":{"line":21,"column":47},"end":{"line":21,"column":69}},"12":{"start":{"line":23,"column":10},"end":{"line":27,"column":null}},"13":{"start":{"line":24,"column":22},"end":{"line":24,"column":null}},"14":{"start":{"line":25,"column":8},"end":{"line":25,"column":null}},"15":{"start":{"line":26,"column":8},"end":{"line":26,"column":null}},"16":{"start":{"line":29,"column":23},"end":{"line":29,"column":null}},"17":{"start":{"line":29,"column":45},"end":{"line":29,"column":58}},"18":{"start":{"line":30,"column":17},"end":{"line":30,"column":null}},"19":{"start":{"line":30,"column":39},"end":{"line":30,"column":53}},"20":{"start":{"line":32,"column":10},"end":{"line":42,"column":null}},"21":{"start":{"line":33,"column":24},"end":{"line":33,"column":null}},"22":{"start":{"line":34,"column":8},"end":{"line":40,"column":null}},"23":{"start":{"line":35,"column":25},"end":{"line":35,"column":null}},"24":{"start":{"line":36,"column":12},"end":{"line":39,"column":null}},"25":{"start":{"line":37,"column":16},"end":{"line":37,"column":null}},"26":{"start":{"line":37,"column":39},"end":{"line":37,"column":null}},"27":{"start":{"line":38,"column":16},"end":{"line":38,"column":null}},"28":{"start":{"line":41,"column":8},"end":{"line":41,"column":null}},"29":{"start":{"line":44,"column":33},"end":{"line":59,"column":null}},"30":{"start":{"line":45,"column":8},"end":{"line":49,"column":null}},"31":{"start":{"line":46,"column":12},"end":{"line":48,"column":null}},"32":{"start":{"line":46,"column":34},"end":{"line":48,"column":13}},"33":{"start":{"line":47,"column":16},"end":{"line":47,"column":null}},"34":{"start":{"line":50,"column":8},"end":{"line":58,"column":null}},"35":{"start":{"line":51,"column":12},"end":{"line":51,"column":null}},"36":{"start":{"line":53,"column":12},"end":{"line":57,"column":null}},"37":{"start":{"line":54,"column":16},"end":{"line":56,"column":null}},"38":{"start":{"line":54,"column":38},"end":{"line":56,"column":17}},"39":{"start":{"line":55,"column":20},"end":{"line":55,"column":null}},"40":{"start":{"line":61,"column":4},"end":{"line":73,"column":null}},"41":{"start":{"line":62,"column":8},"end":{"line":71,"column":null}},"42":{"start":{"line":75,"column":4},"end":{"line":81,"column":null}},"43":{"start":{"line":76,"column":8},"end":{"line":79,"column":null}},"44":{"start":{"line":83,"column":4},"end":{"line":214,"column":null}},"45":{"start":{"line":90,"column":43},"end":{"line":90,"column":null}},"46":{"start":{"line":102,"column":43},"end":{"line":102,"column":null}},"47":{"start":{"line":116,"column":32},"end":{"line":123,"column":null}},"48":{"start":{"line":120,"column":51},"end":{"line":120,"column":null}},"49":{"start":{"line":134,"column":45},"end":{"line":134,"column":null}},"50":{"start":{"line":137,"column":28},"end":{"line":137,"column":null}},"51":{"start":{"line":153,"column":28},"end":{"line":158,"column":null}},"52":{"start":{"line":165,"column":35},"end":{"line":165,"column":null}},"53":{"start":{"line":166,"column":36},"end":{"line":166,"column":null}},"54":{"start":{"line":167,"column":22},"end":{"line":167,"column":null}},"55":{"start":{"line":168,"column":34},"end":{"line":168,"column":null}},"56":{"start":{"line":170,"column":16},"end":{"line":211,"column":null}},"57":{"start":{"line":182,"column":32},"end":{"line":187,"column":null}},"58":{"start":{"line":196,"column":51},"end":{"line":196,"column":null}},"59":{"start":{"line":196,"column":74},"end":{"line":196,"column":114}},"60":{"start":{"line":205,"column":51},"end":{"line":205,"column":null}},"61":{"start":{"line":205,"column":74},"end":{"line":205,"column":114}}},"fnMap":{"0":{"name":"(anonymous_0)","decl":{"start":{"line":9,"column":41},"end":{"line":9,"column":42}},"loc":{"start":{"line":9,"column":51},"end":{"line":9,"column":99}},"line":9},"1":{"name":"(anonymous_1)","decl":{"start":{"line":10,"column":41},"end":{"line":10,"column":42}},"loc":{"start":{"line":10,"column":51},"end":{"line":10,"column":99}},"line":10},"2":{"name":"(anonymous_2)","decl":{"start":{"line":11,"column":40},"end":{"line":11,"column":41}},"loc":{"start":{"line":11,"column":50},"end":{"line":11,"column":87}},"line":11},"3":{"name":"NoteList","decl":{"start":{"line":14,"column":24},"end":{"line":14,"column":33}},"loc":{"start":{"line":14,"column":91},"end":{"line":216,"column":null}},"line":14},"4":{"name":"(anonymous_4)","decl":{"start":{"line":21,"column":37},"end":{"line":21,"column":47}},"loc":{"start":{"line":21,"column":47},"end":{"line":21,"column":69}},"line":21},"5":{"name":"(anonymous_5)","decl":{"start":{"line":23,"column":27},"end":{"line":23,"column":33}},"loc":{"start":{"line":23,"column":33},"end":{"line":27,"column":7}},"line":23},"6":{"name":"(anonymous_6)","decl":{"start":{"line":29,"column":37},"end":{"line":29,"column":45}},"loc":{"start":{"line":29,"column":45},"end":{"line":29,"column":58}},"line":29},"7":{"name":"(anonymous_7)","decl":{"start":{"line":30,"column":31},"end":{"line":30,"column":39}},"loc":{"start":{"line":30,"column":39},"end":{"line":30,"column":53}},"line":30},"8":{"name":"(anonymous_8)","decl":{"start":{"line":32,"column":30},"end":{"line":32,"column":36}},"loc":{"start":{"line":32,"column":36},"end":{"line":42,"column":7}},"line":32},"9":{"name":"(anonymous_9)","decl":{"start":{"line":44,"column":33},"end":{"line":44,"column":40}},"loc":{"start":{"line":44,"column":49},"end":{"line":59,"column":null}},"line":44},"10":{"name":"(anonymous_10)","decl":{"start":{"line":46,"column":26},"end":{"line":46,"column":34}},"loc":{"start":{"line":46,"column":34},"end":{"line":48,"column":13}},"line":46},"11":{"name":"(anonymous_11)","decl":{"start":{"line":46,"column":43},"end":{"line":46,"column":null}},"loc":{"start":{"line":47,"column":16},"end":{"line":47,"column":null}},"line":47},"12":{"name":"(anonymous_12)","decl":{"start":{"line":54,"column":30},"end":{"line":54,"column":38}},"loc":{"start":{"line":54,"column":38},"end":{"line":56,"column":17}},"line":54},"13":{"name":"(anonymous_13)","decl":{"start":{"line":54,"column":47},"end":{"line":54,"column":null}},"loc":{"start":{"line":55,"column":20},"end":{"line":55,"column":null}},"line":55},"14":{"name":"(anonymous_14)","decl":{"start":{"line":90,"column":37},"end":{"line":90,"column":43}},"loc":{"start":{"line":90,"column":43},"end":{"line":90,"column":null}},"line":90},"15":{"name":"(anonymous_15)","decl":{"start":{"line":102,"column":37},"end":{"line":102,"column":43}},"loc":{"start":{"line":102,"column":43},"end":{"line":102,"column":null}},"line":102},"16":{"name":"(anonymous_16)","decl":{"start":{"line":115,"column":43},"end":{"line":115,"column":44}},"loc":{"start":{"line":116,"column":32},"end":{"line":123,"column":null}},"line":116},"17":{"name":"(anonymous_17)","decl":{"start":{"line":120,"column":45},"end":{"line":120,"column":51}},"loc":{"start":{"line":120,"column":51},"end":{"line":120,"column":null}},"line":120},"18":{"name":"(anonymous_18)","decl":{"start":{"line":134,"column":34},"end":{"line":134,"column":35}},"loc":{"start":{"line":134,"column":45},"end":{"line":134,"column":null}},"line":134},"19":{"name":"(anonymous_19)","decl":{"start":{"line":136,"column":42},"end":{"line":136,"column":null}},"loc":{"start":{"line":137,"column":28},"end":{"line":137,"column":null}},"line":137},"20":{"name":"(anonymous_20)","decl":{"start":{"line":152,"column":40},"end":{"line":152,"column":null}},"loc":{"start":{"line":153,"column":28},"end":{"line":158,"column":null}},"line":153},"21":{"name":"(anonymous_21)","decl":{"start":{"line":164,"column":27},"end":{"line":164,"column":28}},"loc":{"start":{"line":164,"column":52},"end":{"line":213,"column":13}},"line":164},"22":{"name":"(anonymous_22)","decl":{"start":{"line":181,"column":43},"end":{"line":181,"column":null}},"loc":{"start":{"line":182,"column":32},"end":{"line":187,"column":null}},"line":182},"23":{"name":"(anonymous_23)","decl":{"start":{"line":196,"column":45},"end":{"line":196,"column":51}},"loc":{"start":{"line":196,"column":51},"end":{"line":196,"column":null}},"line":196},"24":{"name":"(anonymous_24)","decl":{"start":{"line":196,"column":63},"end":{"line":196,"column":64}},"loc":{"start":{"line":196,"column":74},"end":{"line":196,"column":114}},"line":196},"25":{"name":"(anonymous_25)","decl":{"start":{"line":205,"column":45},"end":{"line":205,"column":51}},"loc":{"start":{"line":205,"column":51},"end":{"line":205,"column":null}},"line":205},"26":{"name":"(anonymous_26)","decl":{"start":{"line":205,"column":63},"end":{"line":205,"column":64}},"loc":{"start":{"line":205,"column":74},"end":{"line":205,"column":114}},"line":205}},"branchMap":{"0":{"loc":{"start":{"line":19,"column":22},"end":{"line":19,"column":null}},"type":"binary-expr","locations":[{"start":{"line":19,"column":22},"end":{"line":19,"column":31}},{"start":{"line":19,"column":31},"end":{"line":19,"column":null}}],"line":19},"1":{"loc":{"start":{"line":21,"column":19},"end":{"line":21,"column":null}},"type":"binary-expr","locations":[{"start":{"line":21,"column":19},"end":{"line":21,"column":78}},{"start":{"line":21,"column":78},"end":{"line":21,"column":null}}],"line":21},"2":{"loc":{"start":{"line":35,"column":25},"end":{"line":35,"column":null}},"type":"cond-expr","locations":[{"start":{"line":35,"column":50},"end":{"line":35,"column":67}},{"start":{"line":35,"column":67},"end":{"line":35,"column":null}}],"line":35},"3":{"loc":{"start":{"line":37,"column":16},"end":{"line":37,"column":null}},"type":"if","locations":[{"start":{"line":37,"column":16},"end":{"line":37,"column":null}},{"start":{},"end":{}}],"line":37},"4":{"loc":{"start":{"line":45,"column":8},"end":{"line":49,"column":null}},"type":"if","locations":[{"start":{"line":45,"column":8},"end":{"line":49,"column":null}},{"start":{},"end":{}}],"line":45},"5":{"loc":{"start":{"line":47,"column":16},"end":{"line":47,"column":null}},"type":"cond-expr","locations":[{"start":{"line":47,"column":37},"end":{"line":47,"column":77}},{"start":{"line":47,"column":77},"end":{"line":47,"column":null}}],"line":47},"6":{"loc":{"start":{"line":53,"column":12},"end":{"line":57,"column":null}},"type":"if","locations":[{"start":{"line":53,"column":12},"end":{"line":57,"column":null}},{"start":{},"end":{}}],"line":53},"7":{"loc":{"start":{"line":55,"column":20},"end":{"line":55,"column":null}},"type":"cond-expr","locations":[{"start":{"line":55,"column":41},"end":{"line":55,"column":81}},{"start":{"line":55,"column":81},"end":{"line":55,"column":null}}],"line":55},"8":{"loc":{"start":{"line":61,"column":4},"end":{"line":73,"column":null}},"type":"if","locations":[{"start":{"line":61,"column":4},"end":{"line":73,"column":null}},{"start":{},"end":{}}],"line":61},"9":{"loc":{"start":{"line":75,"column":4},"end":{"line":81,"column":null}},"type":"if","locations":[{"start":{"line":75,"column":4},"end":{"line":81,"column":null}},{"start":{},"end":{}}],"line":75},"10":{"loc":{"start":{"line":89,"column":51},"end":{"line":89,"column":86}},"type":"cond-expr","locations":[{"start":{"line":89,"column":73},"end":{"line":89,"column":84}},{"start":{"line":89,"column":84},"end":{"line":89,"column":86}}],"line":89},"11":{"loc":{"start":{"line":101,"column":51},"end":{"line":101,"column":86}},"type":"cond-expr","locations":[{"start":{"line":101,"column":73},"end":{"line":101,"column":84}},{"start":{"line":101,"column":84},"end":{"line":101,"column":86}}],"line":101},"12":{"loc":{"start":{"line":113,"column":21},"end":{"line":125,"column":null}},"type":"binary-expr","locations":[{"start":{"line":113,"column":21},"end":{"line":113,"column":null}},{"start":{"line":114,"column":24},"end":{"line":125,"column":null}}],"line":113},"13":{"loc":{"start":{"line":119,"column":61},"end":{"line":119,"column":97}},"type":"cond-expr","locations":[{"start":{"line":119,"column":84},"end":{"line":119,"column":95}},{"start":{"line":119,"column":95},"end":{"line":119,"column":97}}],"line":119},"14":{"loc":{"start":{"line":143,"column":13},"end":{"line":161,"column":null}},"type":"binary-expr","locations":[{"start":{"line":143,"column":13},"end":{"line":143,"column":null}},{"start":{"line":144,"column":16},"end":{"line":161,"column":null}}],"line":143},"15":{"loc":{"start":{"line":151,"column":50},"end":{"line":151,"column":117}},"type":"cond-expr","locations":[{"start":{"line":151,"column":72},"end":{"line":151,"column":86}},{"start":{"line":151,"column":86},"end":{"line":151,"column":117}}],"line":151},"16":{"loc":{"start":{"line":166,"column":45},"end":{"line":166,"column":69}},"type":"binary-expr","locations":[{"start":{"line":166,"column":45},"end":{"line":166,"column":66}},{"start":{"line":166,"column":66},"end":{"line":166,"column":69}}],"line":166},"17":{"loc":{"start":{"line":174,"column":65},"end":{"line":174,"column":105}},"type":"cond-expr","locations":[{"start":{"line":174,"column":87},"end":{"line":174,"column":100}},{"start":{"line":174,"column":100},"end":{"line":174,"column":105}}],"line":174},"18":{"loc":{"start":{"line":175,"column":37},"end":{"line":175,"column":null}},"type":"cond-expr","locations":[{"start":{"line":175,"column":59},"end":{"line":175,"column":65}},{"start":{"line":175,"column":65},"end":{"line":175,"column":null}}],"line":175},"19":{"loc":{"start":{"line":180,"column":54},"end":{"line":180,"column":121}},"type":"cond-expr","locations":[{"start":{"line":180,"column":76},"end":{"line":180,"column":90}},{"start":{"line":180,"column":90},"end":{"line":180,"column":121}}],"line":180},"20":{"loc":{"start":{"line":190,"column":25},"end":{"line":209,"column":null}},"type":"binary-expr","locations":[{"start":{"line":190,"column":25},"end":{"line":190,"column":null}},{"start":{"line":191,"column":28},"end":{"line":209,"column":null}}],"line":190}},"s":{"0":1,"1":1,"2":33,"3":0,"4":1,"5":25,"6":25,"7":25,"8":25,"9":25,"10":25,"11":27,"12":25,"13":20,"14":20,"15":20,"16":25,"17":71,"18":25,"19":71,"20":25,"21":25,"22":25,"23":70,"24":70,"25":87,"26":56,"27":87,"28":25,"29":25,"30":1,"31":1,"32":0,"33":0,"34":1,"35":1,"36":0,"37":0,"38":0,"39":0,"40":25,"41":1,"42":24,"43":2,"44":22,"45":1,"46":1,"47":63,"48":2,"49":1,"50":66,"51":1,"52":56,"53":56,"54":56,"55":56,"56":56,"57":75,"58":0,"59":0,"60":1,"61":1},"f":{"0":33,"1":0,"2":1,"3":25,"4":27,"5":20,"6":71,"7":71,"8":25,"9":1,"10":0,"11":0,"12":0,"13":0,"14":1,"15":1,"16":63,"17":2,"18":1,"19":66,"20":1,"21":56,"22":75,"23":0,"24":0,"25":1,"26":1},"b":{"0":[25,1],"1":[25,0],"2":[69,1],"3":[56,31],"4":[1,0],"5":[0,0],"6":[0,0],"7":[0,0],"8":[1,24],"9":[2,22],"10":[1,21],"11":[21,1],"12":[25,21],"13":[21,42],"14":[25,1],"15":[0,1],"16":[56,55],"17":[1,55],"18":[1,55],"19":[3,53],"20":[56,2]},"meta":{"lastBranch":21,"lastFunction":27,"lastStatement":62,"seen":{"s:6:27:6:Infinity":0,"s:8:21:12:Infinity":1,"f:9:41:9:42":0,"s:9:51:9:99":2,"f:10:41:10:42":1,"s:10:51:10:99":3,"f:11:40:11:41":2,"s:11:50:11:87":4,"f:14:24:14:33":3,"s:15:32:15:Infinity":5,"s:16:38:16:Infinity":6,"s:17:30:17:Infinity":7,"s:18:32:18:Infinity":8,"s:19:22:19:Infinity":9,"b:19:22:19:31:19:31:19:Infinity":0,"s:21:19:21:Infinity":10,"b:21:19:21:78:21:78:21:Infinity":1,"f:21:37:21:47":4,"s:21:47:21:69":11,"s:23:10:27:Infinity":12,"f:23:27:23:33":5,"s:24:22:24:Infinity":13,"s:25:8:25:Infinity":14,"s:26:8:26:Infinity":15,"s:29:23:29:Infinity":16,"f:29:37:29:45":6,"s:29:45:29:58":17,"s:30:17:30:Infinity":18,"f:30:31:30:39":7,"s:30:39:30:53":19,"s:32:10:42:Infinity":20,"f:32:30:32:36":8,"s:33:24:33:Infinity":21,"s:34:8:40:Infinity":22,"s:35:25:35:Infinity":23,"b:35:50:35:67:35:67:35:Infinity":2,"s:36:12:39:Infinity":24,"b:37:16:37:Infinity:undefined:undefined:undefined:undefined":3,"s:37:16:37:Infinity":25,"s:37:39:37:Infinity":26,"s:38:16:38:Infinity":27,"s:41:8:41:Infinity":28,"s:44:33:59:Infinity":29,"f:44:33:44:40":9,"b:45:8:49:Infinity:undefined:undefined:undefined:undefined":4,"s:45:8:49:Infinity":30,"s:46:12:48:Infinity":31,"f:46:26:46:34":10,"s:46:34:48:13":32,"f:46:43:46:Infinity":11,"s:47:16:47:Infinity":33,"b:47:37:47:77:47:77:47:Infinity":5,"s:50:8:58:Infinity":34,"s:51:12:51:Infinity":35,"b:53:12:57:Infinity:undefined:undefined:undefined:undefined":6,"s:53:12:57:Infinity":36,"s:54:16:56:Infinity":37,"f:54:30:54:38":12,"s:54:38:56:17":38,"f:54:47:54:Infinity":13,"s:55:20:55:Infinity":39,"b:55:41:55:81:55:81:55:Infinity":7,"b:61:4:73:Infinity:undefined:undefined:undefined:undefined":8,"s:61:4:73:Infinity":40,"s:62:8:71:Infinity":41,"b:75:4:81:Infinity:undefined:undefined:undefined:undefined":9,"s:75:4:81:Infinity":42,"s:76:8:79:Infinity":43,"s:83:4:214:Infinity":44,"b:89:73:89:84:89:84:89:86":10,"f:90:37:90:43":14,"s:90:43:90:Infinity":45,"b:101:73:101:84:101:84:101:86":11,"f:102:37:102:43":15,"s:102:43:102:Infinity":46,"b:113:21:113:Infinity:114:24:125:Infinity":12,"f:115:43:115:44":16,"s:116:32:123:Infinity":47,"b:119:84:119:95:119:95:119:97":13,"f:120:45:120:51":17,"s:120:51:120:Infinity":48,"f:134:34:134:35":18,"s:134:45:134:Infinity":49,"f:136:42:136:Infinity":19,"s:137:28:137:Infinity":50,"b:143:13:143:Infinity:144:16:161:Infinity":14,"b:151:72:151:86:151:86:151:117":15,"f:152:40:152:Infinity":20,"s:153:28:158:Infinity":51,"f:164:27:164:28":21,"s:165:35:165:Infinity":52,"s:166:36:166:Infinity":53,"b:166:45:166:66:166:66:166:69":16,"s:167:22:167:Infinity":54,"s:168:34:168:Infinity":55,"s:170:16:211:Infinity":56,"b:174:87:174:100:174:100:174:105":17,"b:175:59:175:65:175:65:175:Infinity":18,"b:180:76:180:90:180:90:180:121":19,"f:181:43:181:Infinity":22,"s:182:32:187:Infinity":57,"b:190:25:190:Infinity:191:28:209:Infinity":20,"f:196:45:196:51":23,"s:196:51:196:Infinity":58,"f:196:63:196:64":24,"s:196:74:196:114":59,"f:205:45:205:51":25,"s:205:51:205:Infinity":60,"f:205:63:205:64":26,"s:205:74:205:114":61}}}
}
